# JRE version: OpenJDK Runtime Environment Microsoft-13106358 (17.0.18+8) (build 17.0.18+8-LTS)
# Java VM: OpenJDK 64-Bit Server VM Microsoft-13106358 (17.0.18+8-LTS, mixed mode, sharing, tiered, compressed oops, compressed class ptrs, g1 gc, windows-amd64)
GC Precious Log:
 CPUs: 8 total, 8 available
 Memory: 7886M
 Large Page Support: Disabled
 NUMA Support: Disabled
 Compressed Oops: Enabled (32-bit)
 Heap Region Size: 1M
 Heap Min Capacity: 8M
 Heap Initial Capacity: 124M
 Heap Max Capacity: 2G
 Pre-touch: Disabled
 Parallel Workers: 8
 Concurrent Workers: 2
 Concurrent Refinement Workers: 8
 Periodic GC: Disabled
Heap:
 garbage-first heap   total 406528K, used 282091K [0x0000000080000000, 0x0000000100000000)
  region size 1024K, 34 young (34816K), 7 survivors (7168K)
 Metaspace       used 130026K, committed 131520K, reserved 557056K
  class space    used 17929K, committed 18560K, reserved 425984K
GC Heap History (20 events):
Event: 44.740 GC heap before
{Heap before GC invocations=57 (full 0):
 garbage-first heap   total 344064K, used 293807K [0x0000000080000000, 0x0000000100000000)
  region size 1024K, 107 young (109568K), 10 survivors (10240K)
 Metaspace       used 108602K, committed 109888K, reserved 557056K
  class space    used 14999K, committed 15552K, reserved 425984K
}
Event: 44.766 GC heap after
{Heap after GC invocations=58 (full 0):
 garbage-first heap   total 344064K, used 198656K [0x0000000080000000, 0x0000000100000000)
  region size 1024K, 14 young (14336K), 14 survivors (14336K)
 Metaspace       used 108602K, committed 109888K, reserved 557056K
  class space    used 14999K, committed 15552K, reserved 425984K
}
Event: 47.284 GC heap before
{Heap before GC invocations=58 (full 0):
 garbage-first heap   total 344064K, used 279552K [0x0000000080000000, 0x0000000100000000)
  region size 1024K, 94 young (96256K), 14 survivors (14336K)
 Metaspace       used 111864K, committed 113216K, reserved 557056K
  class space    used 15361K, committed 15936K, reserved 425984K
}
Event: 47.300 GC heap after
{Heap after GC invocations=59 (full 0):
 garbage-first heap   total 344064K, used 206049K [0x0000000080000000, 0x0000000100000000)
  region size 1024K, 12 young (12288K), 12 survivors (12288K)
 Metaspace       used 111864K, committed 113216K, reserved 557056K
  class space    used 15361K, committed 15936K, reserved 425984K
}
Event: 48.158 GC heap before
{Heap before GC invocations=59 (full 0):
 garbage-first heap   total 344064K, used 278753K [0x0000000080000000, 0x0000000100000000)
  region size 1024K, 83 young (84992K), 12 survivors (12288K)
 Metaspace       used 111953K, committed 113280K, reserved 557056K
  class space    used 15361K, committed 15936K, reserved 425984K
}
Event: 48.172 GC heap after
{Heap after GC invocations=60 (full 0):
 garbage-first heap   total 344064K, used 210222K [0x0000000080000000, 0x0000000100000000)
  region size 1024K, 4 young (4096K), 4 survivors (4096K)
 Metaspace       used 111953K, committed 113280K, reserved 557056K
  class space    used 15361K, committed 15936K, reserved 425984K
}
Event: 48.727 GC heap before
{Heap before GC invocations=60 (full 0):
 garbage-first heap   total 344064K, used 283950K [0x0000000080000000, 0x0000000100000000)
  region size 1024K, 76 young (77824K), 4 survivors (4096K)
 Metaspace       used 111954K, committed 113280K, reserved 557056K
  class space    used 15361K, committed 15936K, reserved 425984K
}
Event: 48.732 GC heap after
{Heap after GC invocations=61 (full 0):
 garbage-first heap   total 344064K, used 210944K [0x0000000080000000, 0x0000000100000000)
  region size 1024K, 4 young (4096K), 4 survivors (4096K)
 Metaspace       used 111954K, committed 113280K, reserved 557056K
  class space    used 15361K, committed 15936K, reserved 425984K
}
Event: 49.446 GC heap before
{Heap before GC invocations=61 (full 0):
 garbage-first heap   total 344064K, used 286720K [0x0000000080000000, 0x0000000100000000)
  region size 1024K, 79 young (80896K), 4 survivors (4096K)
 Metaspace       used 112884K, committed 114176K, reserved 557056K
  class space    used 15496K, committed 16064K, reserved 425984K
}
Event: 49.455 GC heap after
{Heap after GC invocations=62 (full 0):
 garbage-first heap   total 344064K, used 214016K [0x0000000080000000, 0x0000000100000000)
  region size 1024K, 7 young (7168K), 7 survivors (7168K)
 Metaspace       used 112884K, committed 114176K, reserved 557056K
  class space    used 15496K, committed 16064K, reserved 425984K
}
Event: 54.134 GC heap before
{Heap before GC invocations=62 (full 0):
 garbage-first heap   total 344064K, used 288767K [0x0000000080000000, 0x0000000100000000)
  region size 1024K, 81 young (82944K), 7 survivors (7168K)
 Metaspace       used 116643K, committed 118016K, reserved 557056K
  class space    used 15975K, committed 16576K, reserved 425984K
}
Event: 54.167 GC heap after
{Heap after GC invocations=63 (full 0):
 garbage-first heap   total 344064K, used 219652K [0x0000000080000000, 0x0000000100000000)
  region size 1024K, 11 young (11264K), 11 survivors (11264K)
 Metaspace       used 116643K, committed 118016K, reserved 557056K
  class space    used 15975K, committed 16576K, reserved 425984K
}
Event: 56.893 GC heap before
{Heap before GC invocations=63 (full 0):
 garbage-first heap   total 344064K, used 300548K [0x0000000080000000, 0x0000000100000000)
  region size 1024K, 81 young (82944K), 11 survivors (11264K)
 Metaspace       used 118272K, committed 119744K, reserved 557056K
  class space    used 16199K, committed 16832K, reserved 425984K
}
Event: 56.914 GC heap after
{Heap after GC invocations=64 (full 0):
 garbage-first heap   total 344064K, used 227213K [0x0000000080000000, 0x0000000100000000)
  region size 1024K, 11 young (11264K), 11 survivors (11264K)
 Metaspace       used 118272K, committed 119744K, reserved 557056K
  class space    used 16199K, committed 16832K, reserved 425984K
}
Event: 58.060 GC heap before
{Heap before GC invocations=64 (full 0):
 garbage-first heap   total 344064K, used 291725K [0x0000000080000000, 0x0000000100000000)
  region size 1024K, 75 young (76800K), 11 survivors (11264K)
 Metaspace       used 118698K, committed 120064K, reserved 557056K
  class space    used 16251K, committed 16832K, reserved 425984K
}
Event: 58.074 GC heap after
{Heap after GC invocations=65 (full 0):
 garbage-first heap   total 344064K, used 231825K [0x0000000080000000, 0x0000000100000000)
  region size 1024K, 10 young (10240K), 10 survivors (10240K)
 Metaspace       used 118698K, committed 120064K, reserved 557056K
  class space    used 16251K, committed 16832K, reserved 425984K
}
Event: 59.180 GC heap before
{Heap before GC invocations=65 (full 0):
 garbage-first heap   total 344064K, used 297361K [0x0000000080000000, 0x0000000100000000)
  region size 1024K, 71 young (72704K), 10 survivors (10240K)
 Metaspace       used 120290K, committed 121728K, reserved 557056K
  class space    used 16465K, committed 17088K, reserved 425984K
}
Event: 59.199 GC heap after
{Heap after GC invocations=66 (full 0):
 garbage-first heap   total 344064K, used 234975K [0x0000000080000000, 0x0000000100000000)
  region size 1024K, 8 young (8192K), 8 survivors (8192K)
 Metaspace       used 120290K, committed 121728K, reserved 557056K
  class space    used 16465K, committed 17088K, reserved 425984K
}
Event: 62.850 GC heap before
{Heap before GC invocations=66 (full 0):
 garbage-first heap   total 344064K, used 292319K [0x0000000080000000, 0x0000000100000000)
  region size 1024K, 66 young (67584K), 8 survivors (8192K)
 Metaspace       used 127422K, committed 128896K, reserved 557056K
  class space    used 17464K, committed 18112K, reserved 425984K
}
Event: 62.888 GC heap after
{Heap after GC invocations=67 (full 0):
 garbage-first heap   total 344064K, used 238059K [0x0000000080000000, 0x0000000100000000)
  region size 1024K, 7 young (7168K), 7 survivors (7168K)
 Metaspace       used 127422K, committed 128896K, reserved 557056K
  class space    used 17464K, committed 18112K, reserved 425984K
}

